2025-05-21 16:38:50,235 INFO: Using C:\Storage\Lavinda\Work\iabg\pupillabs\pupilLabs\testDataset as recording file path.
2025-05-21 16:38:50,235 INFO: Using 2025-05-07-10-36-27_1 as recording number.
2025-05-21 16:38:50,235 INFO: Using C:\Storage\Lavinda\Work\iabg\pupillabs\pupilLabs\export as export path.
2025-05-21 16:38:50,354 INFO: Wrote C:\Storage\Lavinda\Work\iabg\pupillabs\pupilLabs\export\2025-05-07-10-36-27_1\csv\gaze.csv
2025-05-21 16:38:50,444 INFO: Wrote gaze in C:\Storage\Lavinda\Work\iabg\pupillabs\pupilLabs\export\2025-05-07-10-36-27_1\2025-05-07-10-36-27_1.hdf5
2025-05-21 16:38:50,472 INFO: Wrote blinks in C:\Storage\Lavinda\Work\iabg\pupillabs\pupilLabs\export\2025-05-07-10-36-27_1\2025-05-07-10-36-27_1.hdf5
2025-05-21 16:38:50,496 INFO: Wrote fixations in C:\Storage\Lavinda\Work\iabg\pupillabs\pupilLabs\export\2025-05-07-10-36-27_1\2025-05-07-10-36-27_1.hdf5
2025-05-21 16:38:50,521 INFO: Wrote saccades in C:\Storage\Lavinda\Work\iabg\pupillabs\pupilLabs\export\2025-05-07-10-36-27_1\2025-05-07-10-36-27_1.hdf5
2025-05-21 16:38:50,577 INFO: Wrote eyestates in C:\Storage\Lavinda\Work\iabg\pupillabs\pupilLabs\export\2025-05-07-10-36-27_1\2025-05-07-10-36-27_1.hdf5
2025-05-21 16:38:50,617 INFO: Wrote imu in C:\Storage\Lavinda\Work\iabg\pupillabs\pupilLabs\export\2025-05-07-10-36-27_1\2025-05-07-10-36-27_1.hdf5
2025-05-21 16:38:50,645 INFO: Wrote events in C:\Storage\Lavinda\Work\iabg\pupillabs\pupilLabs\export\2025-05-07-10-36-27_1\2025-05-07-10-36-27_1.hdf5
2025-05-21 16:41:52,195 INFO: Using C:\Storage\Lavinda\Work\iabg\pupillabs\pupilLabs\testDataset as recording file path.
2025-05-21 16:41:52,195 INFO: Using 2025-05-07-10-36-27_1 as recording number.
2025-05-21 16:41:52,195 INFO: Using C:\Storage\Lavinda\Work\iabg\pupillabs\pupilLabs\export as export path.
2025-05-21 16:41:52,214 INFO: Wrote C:\Storage\Lavinda\Work\iabg\pupillabs\pupilLabs\export\2025-05-07-10-36-27_1\csv\gaze.csv
2025-05-21 16:41:52,285 INFO: Wrote gaze in C:\Storage\Lavinda\Work\iabg\pupillabs\pupilLabs\export\2025-05-07-10-36-27_1\2025-05-07-10-36-27_1.hdf5
2025-05-21 16:41:52,307 INFO: Wrote blinks in C:\Storage\Lavinda\Work\iabg\pupillabs\pupilLabs\export\2025-05-07-10-36-27_1\2025-05-07-10-36-27_1.hdf5
2025-05-21 16:41:52,333 INFO: Wrote fixations in C:\Storage\Lavinda\Work\iabg\pupillabs\pupilLabs\export\2025-05-07-10-36-27_1\2025-05-07-10-36-27_1.hdf5
2025-05-21 16:41:52,359 INFO: Wrote saccades in C:\Storage\Lavinda\Work\iabg\pupillabs\pupilLabs\export\2025-05-07-10-36-27_1\2025-05-07-10-36-27_1.hdf5
2025-05-21 16:41:52,416 INFO: Wrote eyestates in C:\Storage\Lavinda\Work\iabg\pupillabs\pupilLabs\export\2025-05-07-10-36-27_1\2025-05-07-10-36-27_1.hdf5
2025-05-21 16:41:52,457 INFO: Wrote imu in C:\Storage\Lavinda\Work\iabg\pupillabs\pupilLabs\export\2025-05-07-10-36-27_1\2025-05-07-10-36-27_1.hdf5
2025-05-21 16:41:52,476 INFO: Wrote events in C:\Storage\Lavinda\Work\iabg\pupillabs\pupilLabs\export\2025-05-07-10-36-27_1\2025-05-07-10-36-27_1.hdf5
2025-05-26 12:00:45,283 INFO: Using C:\Storage\Lavinda\Work\iabg\pupillabs\pupilLabs\testDataset as recording file path.
2025-05-26 12:00:45,284 INFO: Using 2025-05-07-10-36-27_1 as recording number.
2025-05-26 12:00:45,284 INFO: Using C:\Storage\Lavinda\Work\iabg\pupillabs\pupilLabs\export as export path.
2025-05-26 12:00:45,460 INFO: Wrote C:\Storage\Lavinda\Work\iabg\pupillabs\pupilLabs\export\2025-05-07-10-36-27_1\csv\gaze.csv
2025-05-26 12:00:45,568 INFO: Wrote gaze in C:\Storage\Lavinda\Work\iabg\pupillabs\pupilLabs\export\2025-05-07-10-36-27_1\2025-05-07-10-36-27_1.hdf5
2025-05-26 12:00:45,598 INFO: Wrote blinks in C:\Storage\Lavinda\Work\iabg\pupillabs\pupilLabs\export\2025-05-07-10-36-27_1\2025-05-07-10-36-27_1.hdf5
2025-05-26 12:00:45,634 INFO: Wrote fixations in C:\Storage\Lavinda\Work\iabg\pupillabs\pupilLabs\export\2025-05-07-10-36-27_1\2025-05-07-10-36-27_1.hdf5
2025-05-26 12:00:45,667 INFO: Wrote saccades in C:\Storage\Lavinda\Work\iabg\pupillabs\pupilLabs\export\2025-05-07-10-36-27_1\2025-05-07-10-36-27_1.hdf5
2025-05-26 12:00:45,751 INFO: Wrote eyestates in C:\Storage\Lavinda\Work\iabg\pupillabs\pupilLabs\export\2025-05-07-10-36-27_1\2025-05-07-10-36-27_1.hdf5
2025-05-26 12:00:45,814 INFO: Wrote imu in C:\Storage\Lavinda\Work\iabg\pupillabs\pupilLabs\export\2025-05-07-10-36-27_1\2025-05-07-10-36-27_1.hdf5
2025-05-26 12:00:45,860 INFO: Wrote events in C:\Storage\Lavinda\Work\iabg\pupillabs\pupilLabs\export\2025-05-07-10-36-27_1\2025-05-07-10-36-27_1.hdf5
2025-07-04 13:54:26,248 INFO: Using C:/Storage/useless shit/testDataset as recording file path.
2025-07-04 13:54:26,249 INFO: Using 2025-05-12-16-20-29 as recording number.
2025-07-04 13:54:26,249 INFO: Using C:/Storage/Lavinda/Work/iabg/pupillabs/pupilLabs/export as export path.
2025-07-04 13:54:26,451 INFO: Wrote C:\Storage\Lavinda\Work\iabg\pupillabs\pupilLabs\export\2025-05-12-16-20-29\csv\gaze.csv
2025-07-04 13:54:26,969 INFO: Wrote gaze in C:\Storage\Lavinda\Work\iabg\pupillabs\pupilLabs\export\2025-05-12-16-20-29\2025-05-12-16-20-29.hdf5
2025-07-04 13:54:26,991 INFO: Wrote blinks in C:\Storage\Lavinda\Work\iabg\pupillabs\pupilLabs\export\2025-05-12-16-20-29\2025-05-12-16-20-29.hdf5
2025-07-04 13:54:27,011 INFO: Wrote fixations in C:\Storage\Lavinda\Work\iabg\pupillabs\pupilLabs\export\2025-05-12-16-20-29\2025-05-12-16-20-29.hdf5
2025-07-04 13:54:27,044 INFO: Wrote saccades in C:\Storage\Lavinda\Work\iabg\pupillabs\pupilLabs\export\2025-05-12-16-20-29\2025-05-12-16-20-29.hdf5
2025-07-04 13:54:27,200 INFO: Wrote eyestates in C:\Storage\Lavinda\Work\iabg\pupillabs\pupilLabs\export\2025-05-12-16-20-29\2025-05-12-16-20-29.hdf5
2025-07-04 13:54:27,286 INFO: Wrote imu in C:\Storage\Lavinda\Work\iabg\pupillabs\pupilLabs\export\2025-05-12-16-20-29\2025-05-12-16-20-29.hdf5
2025-07-04 13:54:27,326 INFO: Wrote events in C:\Storage\Lavinda\Work\iabg\pupillabs\pupilLabs\export\2025-05-12-16-20-29\2025-05-12-16-20-29.hdf5
2025-07-04 13:56:04,723 INFO: Using C:/Storage/useless shit/testDataset as recording file path.
2025-07-04 13:56:04,723 INFO: Using 2025-05-12-16-20-29 as recording number.
2025-07-04 13:56:04,723 INFO: Using C:/Storage/Lavinda/Work/iabg/pupillabs/pupilLabs/export as export path.
2025-07-04 13:56:04,779 INFO: Wrote C:\Storage\Lavinda\Work\iabg\pupillabs\pupilLabs\export\2025-05-12-16-20-29\csv\gaze.csv
2025-07-04 13:56:04,882 INFO: Wrote gaze in C:\Storage\Lavinda\Work\iabg\pupillabs\pupilLabs\export\2025-05-12-16-20-29\2025-05-12-16-20-29.hdf5
2025-07-04 13:56:04,916 INFO: Wrote blinks in C:\Storage\Lavinda\Work\iabg\pupillabs\pupilLabs\export\2025-05-12-16-20-29\2025-05-12-16-20-29.hdf5
2025-07-04 13:56:04,947 INFO: Wrote fixations in C:\Storage\Lavinda\Work\iabg\pupillabs\pupilLabs\export\2025-05-12-16-20-29\2025-05-12-16-20-29.hdf5
2025-07-04 13:56:04,973 INFO: Wrote saccades in C:\Storage\Lavinda\Work\iabg\pupillabs\pupilLabs\export\2025-05-12-16-20-29\2025-05-12-16-20-29.hdf5
2025-07-04 13:56:05,100 INFO: Wrote eyestates in C:\Storage\Lavinda\Work\iabg\pupillabs\pupilLabs\export\2025-05-12-16-20-29\2025-05-12-16-20-29.hdf5
2025-07-04 13:56:05,169 INFO: Wrote imu in C:\Storage\Lavinda\Work\iabg\pupillabs\pupilLabs\export\2025-05-12-16-20-29\2025-05-12-16-20-29.hdf5
2025-07-04 13:56:05,191 INFO: Wrote events in C:\Storage\Lavinda\Work\iabg\pupillabs\pupilLabs\export\2025-05-12-16-20-29\2025-05-12-16-20-29.hdf5
2025-07-04 13:56:18,849 INFO: Using C:/Storage/useless shit/testDataset as recording file path.
2025-07-04 13:56:18,849 INFO: Using 2025-05-12-16-20-29 as recording number.
2025-07-04 13:56:18,849 INFO: Using C:/Storage/Lavinda/Work/iabg/pupillabs/pupilLabs/export as export path.
2025-07-04 13:56:18,900 INFO: Wrote C:\Storage\Lavinda\Work\iabg\pupillabs\pupilLabs\export\2025-05-12-16-20-29\csv\gaze.csv
2025-07-04 13:56:18,991 INFO: Wrote gaze in C:\Storage\Lavinda\Work\iabg\pupillabs\pupilLabs\export\2025-05-12-16-20-29\2025-05-12-16-20-29.hdf5
2025-07-04 13:56:19,017 INFO: Wrote blinks in C:\Storage\Lavinda\Work\iabg\pupillabs\pupilLabs\export\2025-05-12-16-20-29\2025-05-12-16-20-29.hdf5
2025-07-04 13:56:19,041 INFO: Wrote fixations in C:\Storage\Lavinda\Work\iabg\pupillabs\pupilLabs\export\2025-05-12-16-20-29\2025-05-12-16-20-29.hdf5
2025-07-04 13:56:19,067 INFO: Wrote saccades in C:\Storage\Lavinda\Work\iabg\pupillabs\pupilLabs\export\2025-05-12-16-20-29\2025-05-12-16-20-29.hdf5
2025-07-04 13:56:19,183 INFO: Wrote eyestates in C:\Storage\Lavinda\Work\iabg\pupillabs\pupilLabs\export\2025-05-12-16-20-29\2025-05-12-16-20-29.hdf5
2025-07-04 13:56:19,252 INFO: Wrote imu in C:\Storage\Lavinda\Work\iabg\pupillabs\pupilLabs\export\2025-05-12-16-20-29\2025-05-12-16-20-29.hdf5
2025-07-04 13:56:19,274 INFO: Wrote events in C:\Storage\Lavinda\Work\iabg\pupillabs\pupilLabs\export\2025-05-12-16-20-29\2025-05-12-16-20-29.hdf5
2025-07-04 13:57:22,139 INFO: Using C:/Storage/useless shit/testDataset as recording file path.
2025-07-04 13:57:22,139 INFO: Using 2025-05-12-16-20-29 as recording number.
2025-07-04 13:57:22,139 INFO: Using C:/Storage/Lavinda/Work/iabg/pupillabs/pupilLabs/export as export path.
2025-07-04 13:57:22,191 INFO: Wrote C:\Storage\Lavinda\Work\iabg\pupillabs\pupilLabs\export\2025-05-12-16-20-29\csv\gaze.csv
2025-07-04 13:57:22,282 INFO: Wrote gaze in C:\Storage\Lavinda\Work\iabg\pupillabs\pupilLabs\export\2025-05-12-16-20-29\2025-05-12-16-20-29.hdf5
2025-07-04 13:57:22,306 INFO: Wrote blinks in C:\Storage\Lavinda\Work\iabg\pupillabs\pupilLabs\export\2025-05-12-16-20-29\2025-05-12-16-20-29.hdf5
2025-07-04 13:57:22,331 INFO: Wrote fixations in C:\Storage\Lavinda\Work\iabg\pupillabs\pupilLabs\export\2025-05-12-16-20-29\2025-05-12-16-20-29.hdf5
2025-07-04 13:57:22,357 INFO: Wrote saccades in C:\Storage\Lavinda\Work\iabg\pupillabs\pupilLabs\export\2025-05-12-16-20-29\2025-05-12-16-20-29.hdf5
2025-07-04 13:57:22,479 INFO: Wrote eyestates in C:\Storage\Lavinda\Work\iabg\pupillabs\pupilLabs\export\2025-05-12-16-20-29\2025-05-12-16-20-29.hdf5
2025-07-04 13:57:22,546 INFO: Wrote imu in C:\Storage\Lavinda\Work\iabg\pupillabs\pupilLabs\export\2025-05-12-16-20-29\2025-05-12-16-20-29.hdf5
2025-07-04 13:57:22,570 INFO: Wrote events in C:\Storage\Lavinda\Work\iabg\pupillabs\pupilLabs\export\2025-05-12-16-20-29\2025-05-12-16-20-29.hdf5
2025-07-04 14:56:35,520 INFO: Using C:/Storage/useless shit/testDataset as recording file path.
2025-07-04 14:56:35,520 INFO: Using 2025-05-12-16-20-29 as recording number.
2025-07-04 14:56:35,520 INFO: Using C:/Storage/Lavinda/Work/iabg/pupillabs/pupilLabs/export as export path.
2025-07-04 14:56:35,610 INFO: Wrote C:\Storage\Lavinda\Work\iabg\pupillabs\pupilLabs\export\2025-05-12-16-20-29\csv\gaze.csv
2025-07-04 14:56:35,709 INFO: Wrote gaze in C:\Storage\Lavinda\Work\iabg\pupillabs\pupilLabs\export\2025-05-12-16-20-29\2025-05-12-16-20-29.hdf5
2025-07-04 14:56:35,739 INFO: Wrote blinks in C:\Storage\Lavinda\Work\iabg\pupillabs\pupilLabs\export\2025-05-12-16-20-29\2025-05-12-16-20-29.hdf5
2025-07-04 14:56:35,766 INFO: Wrote fixations in C:\Storage\Lavinda\Work\iabg\pupillabs\pupilLabs\export\2025-05-12-16-20-29\2025-05-12-16-20-29.hdf5
2025-07-04 14:56:35,791 INFO: Wrote saccades in C:\Storage\Lavinda\Work\iabg\pupillabs\pupilLabs\export\2025-05-12-16-20-29\2025-05-12-16-20-29.hdf5
2025-07-04 14:56:35,918 INFO: Wrote eyestates in C:\Storage\Lavinda\Work\iabg\pupillabs\pupilLabs\export\2025-05-12-16-20-29\2025-05-12-16-20-29.hdf5
2025-07-04 14:56:35,987 INFO: Wrote imu in C:\Storage\Lavinda\Work\iabg\pupillabs\pupilLabs\export\2025-05-12-16-20-29\2025-05-12-16-20-29.hdf5
2025-07-04 14:56:36,012 INFO: Wrote events in C:\Storage\Lavinda\Work\iabg\pupillabs\pupilLabs\export\2025-05-12-16-20-29\2025-05-12-16-20-29.hdf5
2025-12-01 09:43:04,264 INFO: Using /Users/emirhanafsin/Documents/IABG/HSI/pupilLabs/testDataset as recording file path.
2025-12-01 09:43:04,267 INFO: Using 2025-05-12-16-20-29 as recording number.
2025-12-01 09:43:04,267 INFO: Using /Users/emirhanafsin/Documents/IABG/HSI/exports/pupillabs as export path.
2025-12-01 09:43:04,294 INFO: Wrote /Users/emirhanafsin/Documents/IABG/HSI/exports/pupillabs/2025-05-12-16-20-29/csv/gaze.csv
2025-12-01 09:43:04,691 INFO: Wrote gaze in /Users/emirhanafsin/Documents/IABG/HSI/exports/pupillabs/2025-05-12-16-20-29/2025-05-12-16-20-29.hdf5
2025-12-01 09:43:04,842 INFO: Wrote gaze JSON log: /Users/emirhanafsin/Documents/IABG/HSI/exports/pupillabs/2025-05-12-16-20-29/csv/gaze.json
2025-12-01 09:43:04,845 INFO: Wrote /Users/emirhanafsin/Documents/IABG/HSI/exports/pupillabs/2025-05-12-16-20-29/csv/blinks.csv
2025-12-01 09:43:04,851 INFO: Wrote blinks in /Users/emirhanafsin/Documents/IABG/HSI/exports/pupillabs/2025-05-12-16-20-29/2025-05-12-16-20-29.hdf5
2025-12-01 09:43:04,853 INFO: Wrote blinks JSON log: /Users/emirhanafsin/Documents/IABG/HSI/exports/pupillabs/2025-05-12-16-20-29/csv/blinks.json
2025-12-01 09:43:04,854 INFO: Wrote /Users/emirhanafsin/Documents/IABG/HSI/exports/pupillabs/2025-05-12-16-20-29/csv/fixations.csv
2025-12-01 09:43:04,861 INFO: Wrote fixations in /Users/emirhanafsin/Documents/IABG/HSI/exports/pupillabs/2025-05-12-16-20-29/2025-05-12-16-20-29.hdf5
2025-12-01 09:43:04,864 INFO: Wrote fixations JSON log: /Users/emirhanafsin/Documents/IABG/HSI/exports/pupillabs/2025-05-12-16-20-29/csv/fixations.json
2025-12-01 09:43:04,865 INFO: Wrote /Users/emirhanafsin/Documents/IABG/HSI/exports/pupillabs/2025-05-12-16-20-29/csv/saccades.csv
2025-12-01 09:43:04,870 INFO: Wrote saccades in /Users/emirhanafsin/Documents/IABG/HSI/exports/pupillabs/2025-05-12-16-20-29/2025-05-12-16-20-29.hdf5
2025-12-01 09:43:04,875 INFO: Wrote saccades JSON log: /Users/emirhanafsin/Documents/IABG/HSI/exports/pupillabs/2025-05-12-16-20-29/csv/saccades.json
2025-12-01 09:43:04,933 INFO: Wrote /Users/emirhanafsin/Documents/IABG/HSI/exports/pupillabs/2025-05-12-16-20-29/csv/3d_eye_states.csv
2025-12-01 09:43:04,938 INFO: Wrote eyestates in /Users/emirhanafsin/Documents/IABG/HSI/exports/pupillabs/2025-05-12-16-20-29/2025-05-12-16-20-29.hdf5
2025-12-01 09:43:05,275 INFO: Wrote eyestates JSON log: /Users/emirhanafsin/Documents/IABG/HSI/exports/pupillabs/2025-05-12-16-20-29/csv/3d_eye_states.json
2025-12-01 09:43:05,304 INFO: Wrote /Users/emirhanafsin/Documents/IABG/HSI/exports/pupillabs/2025-05-12-16-20-29/csv/imu.csv
2025-12-01 09:43:05,308 INFO: Wrote imu in /Users/emirhanafsin/Documents/IABG/HSI/exports/pupillabs/2025-05-12-16-20-29/2025-05-12-16-20-29.hdf5
2025-12-01 09:43:05,422 INFO: Wrote imu JSON log: /Users/emirhanafsin/Documents/IABG/HSI/exports/pupillabs/2025-05-12-16-20-29/csv/imu.json
2025-12-01 09:43:05,426 INFO: Wrote /Users/emirhanafsin/Documents/IABG/HSI/exports/pupillabs/2025-05-12-16-20-29/csv/events.csv
2025-12-01 09:43:05,429 INFO: Wrote events in /Users/emirhanafsin/Documents/IABG/HSI/exports/pupillabs/2025-05-12-16-20-29/2025-05-12-16-20-29.hdf5
2025-12-01 09:43:05,430 INFO: Wrote events JSON log: /Users/emirhanafsin/Documents/IABG/HSI/exports/pupillabs/2025-05-12-16-20-29/csv/events.json
2025-12-01 09:43:05,430 INFO: Wrote info.json
2025-12-01 09:43:05,431 INFO: Wrote scene_camera.json
2025-12-01 09:43:05,476 INFO: Wrote /Users/emirhanafsin/Documents/IABG/HSI/exports/pupillabs/2025-05-12-16-20-29/csv/world_timestamps.csv
2025-12-01 09:43:05,494 INFO: Wrote world_timestamps JSON log: /Users/emirhanafsin/Documents/IABG/HSI/exports/pupillabs/2025-05-12-16-20-29/csv/world_timestamps.json
